  [1m[36m (1.0ms)[0m  [1mCREATE TABLE "schema_migrations" ("version" varchar NOT NULL) [0m
  [1m[35m (0.1ms)[0m  select sqlite_version(*)
  [1m[36m (0.9ms)[0m  [1mCREATE UNIQUE INDEX "unique_schema_migrations" ON "schema_migrations" ("version")[0m
  [1m[35mActiveRecord::SchemaMigration Load (0.1ms)[0m  SELECT "schema_migrations".* FROM "schema_migrations"
Migrating to CreateMovies (20111119180638)
  [1m[36m (0.1ms)[0m  [1mbegin transaction[0m
DEPRECATION WARNING: `#timestamps` was called without specifying an option for `null`. In Rails 5, this behavior will change to `null: false`. You should manually specify `null: true` to prevent the behavior of your existing migrations from changing. (called from emit_warning_if_null_unspecified at /Users/yixuchen/.rvm/gems/ruby-2.4.0@global/gems/activerecord-4.2.10/lib/active_record/connection_adapters/abstract/schema_definitions.rb:63)
  [1m[35m (0.3ms)[0m  CREATE TABLE "movies" ("id" INTEGER PRIMARY KEY AUTOINCREMENT NOT NULL, "title" varchar, "rating" varchar, "description" text, "release_date" datetime, "created_at" datetime, "updated_at" datetime) 
  [1m[36mSQL (0.1ms)[0m  [1mINSERT INTO "schema_migrations" ("version") VALUES (?)[0m  [["version", "20111119180638"]]
  [1m[35m (0.7ms)[0m  commit transaction
  [1m[36mActiveRecord::SchemaMigration Load (0.1ms)[0m  [1mSELECT "schema_migrations".* FROM "schema_migrations"[0m
  [1m[36m (1.2ms)[0m  [1mCREATE TABLE "movies" ("id" INTEGER PRIMARY KEY AUTOINCREMENT NOT NULL, "title" varchar, "rating" varchar, "description" text, "release_date" datetime, "created_at" datetime, "updated_at" datetime) [0m
  [1m[35m (1.0ms)[0m  CREATE TABLE "schema_migrations" ("version" varchar NOT NULL) 
  [1m[36m (0.0ms)[0m  [1mselect sqlite_version(*)[0m
  [1m[35m (0.9ms)[0m  CREATE UNIQUE INDEX "unique_schema_migrations" ON "schema_migrations" ("version")
  [1m[36m (0.1ms)[0m  [1mSELECT version FROM "schema_migrations"[0m
  [1m[35m (0.7ms)[0m  INSERT INTO "schema_migrations" (version) VALUES ('20111119180638')


Started GET "/" for ::1 at 2019-02-19 18:23:13 -0600


Started GET "/movies" for ::1 at 2019-02-19 18:23:13 -0600
Processing by MoviesController#index as HTML
  [1m[36mMovie Load (0.7ms)[0m  [1mSELECT "movies".* FROM "movies" WHERE "movies"."rating" IN ('G', 'PG', 'PG-13', 'NC-17', 'R')[0m
  Rendered movies/index.html.haml within layouts/application (12.7ms)
Completed 200 OK in 348ms (Views: 313.5ms | ActiveRecord: 2.2ms)


Started GET "/assets/jquery.self-660adc51e0224b731d29f575a6f1ec167ba08ad06ed5deca4f1e8654c135bf4c.js?body=1" for ::1 at 2019-02-19 18:23:13 -0600


Started GET "/assets/application.self-e3b0c44298fc1c149afbf4c8996fb92427ae41e4649b934ca495991b7852b855.css?body=1" for ::1 at 2019-02-19 18:23:13 -0600


Started GET "/assets/application.self-ac4347b135ab8935f2dd20089f2acc8bec1d6b2ad528a80fcb03cd445dbd4d27.js?body=1" for ::1 at 2019-02-19 18:23:13 -0600


Started GET "/assets/jquery_ujs.self-e87806d0cf4489aeb1bb7288016024e8de67fd18db693fe026fe3907581e53cd.js?body=1" for ::1 at 2019-02-19 18:23:13 -0600


Started GET "/" for ::1 at 2019-02-19 18:24:11 -0600


Started GET "/movies" for ::1 at 2019-02-19 18:24:11 -0600
Processing by MoviesController#index as HTML
  [1m[36mMovie Load (0.5ms)[0m  [1mSELECT "movies".* FROM "movies" WHERE "movies"."rating" IN ('G', 'PG', 'PG-13', 'NC-17', 'R')[0m
  Rendered movies/index.html.haml within layouts/application (13.3ms)
Completed 200 OK in 228ms (Views: 194.3ms | ActiveRecord: 2.1ms)


Started GET "/movies?utf8=%E2%9C%93&ratings%5BG%5D=1&ratings%5BPG%5D=1&ratings%5BPG-13%5D=1&ratings%5BNC-17%5D=1&commit=Refresh" for ::1 at 2019-02-19 18:24:26 -0600
Processing by MoviesController#index as HTML
  Parameters: {"utf8"=>"✓", "ratings"=>{"G"=>"1", "PG"=>"1", "PG-13"=>"1", "NC-17"=>"1"}, "commit"=>"Refresh"}
Redirected to http://localhost:3000/movies?ratings%5BG%5D=1&ratings%5BNC-17%5D=1&ratings%5BPG%5D=1&ratings%5BPG-13%5D=1
Completed 302 Found in 1ms (ActiveRecord: 0.0ms)


Started GET "/movies?ratings%5BG%5D=1&ratings%5BNC-17%5D=1&ratings%5BPG%5D=1&ratings%5BPG-13%5D=1" for ::1 at 2019-02-19 18:24:26 -0600
Processing by MoviesController#index as HTML
  Parameters: {"ratings"=>{"G"=>"1", "NC-17"=>"1", "PG"=>"1", "PG-13"=>"1"}}
  [1m[35mMovie Load (0.1ms)[0m  SELECT "movies".* FROM "movies" WHERE "movies"."rating" IN ('G', 'NC-17', 'PG', 'PG-13')
  Rendered movies/index.html.haml within layouts/application (1.3ms)
Completed 200 OK in 12ms (Views: 11.7ms | ActiveRecord: 0.1ms)


Started GET "/movies?utf8=%E2%9C%93&ratings%5BG%5D=1&ratings%5BPG%5D=1&ratings%5BPG-13%5D=1&commit=Refresh" for ::1 at 2019-02-19 18:24:31 -0600
Processing by MoviesController#index as HTML
  Parameters: {"utf8"=>"✓", "ratings"=>{"G"=>"1", "PG"=>"1", "PG-13"=>"1"}, "commit"=>"Refresh"}
Redirected to http://localhost:3000/movies?ratings%5BG%5D=1&ratings%5BPG%5D=1&ratings%5BPG-13%5D=1
Completed 302 Found in 1ms (ActiveRecord: 0.0ms)


Started GET "/movies?ratings%5BG%5D=1&ratings%5BPG%5D=1&ratings%5BPG-13%5D=1" for ::1 at 2019-02-19 18:24:31 -0600
Processing by MoviesController#index as HTML
  Parameters: {"ratings"=>{"G"=>"1", "PG"=>"1", "PG-13"=>"1"}}
  [1m[36mMovie Load (0.1ms)[0m  [1mSELECT "movies".* FROM "movies" WHERE "movies"."rating" IN ('G', 'PG', 'PG-13')[0m
  Rendered movies/index.html.haml within layouts/application (1.4ms)
Completed 200 OK in 12ms (Views: 11.7ms | ActiveRecord: 0.1ms)


Started GET "/movies?ratings%5BG%5D=1&ratings%5BPG%5D=1&ratings%5BPG-13%5D=1&sort=release_date" for ::1 at 2019-02-19 18:24:34 -0600
Processing by MoviesController#index as HTML
  Parameters: {"ratings"=>{"G"=>"1", "PG"=>"1", "PG-13"=>"1"}, "sort"=>"release_date"}
Redirected to http://localhost:3000/movies?ratings%5BG%5D=1&ratings%5BPG%5D=1&ratings%5BPG-13%5D=1&sort=release_date
Completed 302 Found in 1ms (ActiveRecord: 0.0ms)


Started GET "/movies?ratings%5BG%5D=1&ratings%5BPG%5D=1&ratings%5BPG-13%5D=1&sort=release_date" for ::1 at 2019-02-19 18:24:34 -0600
Processing by MoviesController#index as HTML
  Parameters: {"ratings"=>{"G"=>"1", "PG"=>"1", "PG-13"=>"1"}, "sort"=>"release_date"}
  [1m[35mMovie Load (0.2ms)[0m  SELECT "movies".* FROM "movies" WHERE "movies"."rating" IN ('G', 'PG', 'PG-13')  ORDER BY "movies"."release_date" ASC
  Rendered movies/index.html.haml within layouts/application (1.5ms)
Completed 200 OK in 13ms (Views: 12.2ms | ActiveRecord: 0.2ms)


Started GET "/movies/new" for ::1 at 2019-02-19 18:24:35 -0600
Processing by MoviesController#new as HTML
  Rendered movies/new.html.haml within layouts/application (12.5ms)
Completed 200 OK in 23ms (Views: 23.4ms | ActiveRecord: 0.0ms)


Started POST "/movies" for ::1 at 2019-02-19 18:24:38 -0600
Processing by MoviesController#create as HTML
  Parameters: {"utf8"=>"✓", "authenticity_token"=>"JvrLzppc1wkvRwwGE6vcyksXlcE5RYdQnxNhbCUPpTFAhXPpYOKCEWbZSdnCY6i7rKbK62LkzEUPLOeYfUw7pg==", "movie"=>{"title"=>"ABC", "rating"=>"G", "release_date(1i)"=>"2019", "release_date(2i)"=>"2", "release_date(3i)"=>"20"}, "commit"=>"Save Changes"}
  [1m[36m (0.1ms)[0m  [1mbegin transaction[0m
  [1m[35mSQL (0.8ms)[0m  INSERT INTO "movies" ("title", "rating", "release_date", "created_at", "updated_at") VALUES (?, ?, ?, ?, ?)  [["title", "ABC"], ["rating", "G"], ["release_date", "2019-02-20 00:00:00.000000"], ["created_at", "2019-02-20 00:24:38.205717"], ["updated_at", "2019-02-20 00:24:38.205717"]]
  [1m[36m (0.7ms)[0m  [1mcommit transaction[0m
Redirected to http://localhost:3000/movies
Completed 302 Found in 11ms (ActiveRecord: 1.8ms)


Started GET "/movies" for ::1 at 2019-02-19 18:24:38 -0600
Processing by MoviesController#index as HTML
Redirected to http://localhost:3000/movies?ratings%5BG%5D=1&ratings%5BPG%5D=1&ratings%5BPG-13%5D=1&sort=release_date
Completed 302 Found in 1ms (ActiveRecord: 0.0ms)


Started GET "/movies?ratings%5BG%5D=1&ratings%5BPG%5D=1&ratings%5BPG-13%5D=1&sort=release_date" for ::1 at 2019-02-19 18:24:38 -0600
Processing by MoviesController#index as HTML
  Parameters: {"ratings"=>{"G"=>"1", "PG"=>"1", "PG-13"=>"1"}, "sort"=>"release_date"}
  [1m[35mMovie Load (0.2ms)[0m  SELECT "movies".* FROM "movies" WHERE "movies"."rating" IN ('G', 'PG', 'PG-13')  ORDER BY "movies"."release_date" ASC
  Rendered movies/index.html.haml within layouts/application (2.7ms)
Completed 200 OK in 14ms (Views: 12.8ms | ActiveRecord: 0.2ms)


Started GET "/movies/new" for ::1 at 2019-02-19 18:24:40 -0600
Processing by MoviesController#new as HTML
  Rendered movies/new.html.haml within layouts/application (2.0ms)
Completed 200 OK in 12ms (Views: 12.3ms | ActiveRecord: 0.0ms)


Started POST "/movies" for ::1 at 2019-02-19 18:24:43 -0600
Processing by MoviesController#create as HTML
  Parameters: {"utf8"=>"✓", "authenticity_token"=>"LYA2AvfIykzAd5l3MRJQ2lnzadt6HeSH/8KHjrUrGg9L/44lDXafVInp3Kjg2iSrvkI28SG8r5Jv/QF67WiEmA==", "movie"=>{"title"=>"CaiCaimeetCatCat", "rating"=>"G", "release_date(1i)"=>"2019", "release_date(2i)"=>"2", "release_date(3i)"=>"20"}, "commit"=>"Save Changes"}
  [1m[36m (0.1ms)[0m  [1mbegin transaction[0m
  [1m[35mSQL (0.3ms)[0m  INSERT INTO "movies" ("title", "rating", "release_date", "created_at", "updated_at") VALUES (?, ?, ?, ?, ?)  [["title", "CaiCaimeetCatCat"], ["rating", "G"], ["release_date", "2019-02-20 00:00:00.000000"], ["created_at", "2019-02-20 00:24:43.270269"], ["updated_at", "2019-02-20 00:24:43.270269"]]
  [1m[36m (0.8ms)[0m  [1mcommit transaction[0m
Redirected to http://localhost:3000/movies
Completed 302 Found in 3ms (ActiveRecord: 1.2ms)


Started GET "/movies" for ::1 at 2019-02-19 18:24:43 -0600
Processing by MoviesController#index as HTML
Redirected to http://localhost:3000/movies?ratings%5BG%5D=1&ratings%5BPG%5D=1&ratings%5BPG-13%5D=1&sort=release_date
Completed 302 Found in 1ms (ActiveRecord: 0.0ms)


Started GET "/movies?ratings%5BG%5D=1&ratings%5BPG%5D=1&ratings%5BPG-13%5D=1&sort=release_date" for ::1 at 2019-02-19 18:24:43 -0600
Processing by MoviesController#index as HTML
  Parameters: {"ratings"=>{"G"=>"1", "PG"=>"1", "PG-13"=>"1"}, "sort"=>"release_date"}
  [1m[35mMovie Load (0.2ms)[0m  SELECT "movies".* FROM "movies" WHERE "movies"."rating" IN ('G', 'PG', 'PG-13')  ORDER BY "movies"."release_date" ASC
  Rendered movies/index.html.haml within layouts/application (2.0ms)
Completed 200 OK in 14ms (Views: 13.0ms | ActiveRecord: 0.2ms)


Started GET "/movies?utf8=%E2%9C%93&%3Arelease_date_sort=true&ratings%5BG%5D=1&ratings%5BPG%5D=1&ratings%5BPG-13%5D=1&commit=Refresh" for ::1 at 2019-02-19 18:24:47 -0600
Processing by MoviesController#index as HTML
  Parameters: {"utf8"=>"✓", ":release_date_sort"=>"true", "ratings"=>{"G"=>"1", "PG"=>"1", "PG-13"=>"1"}, "commit"=>"Refresh"}
Redirected to http://localhost:3000/movies?ratings%5BG%5D=1&ratings%5BPG%5D=1&ratings%5BPG-13%5D=1&sort=release_date
Completed 302 Found in 1ms (ActiveRecord: 0.0ms)


Started GET "/movies?ratings%5BG%5D=1&ratings%5BPG%5D=1&ratings%5BPG-13%5D=1&sort=release_date" for ::1 at 2019-02-19 18:24:47 -0600
Processing by MoviesController#index as HTML
  Parameters: {"ratings"=>{"G"=>"1", "PG"=>"1", "PG-13"=>"1"}, "sort"=>"release_date"}
  [1m[36mMovie Load (0.2ms)[0m  [1mSELECT "movies".* FROM "movies" WHERE "movies"."rating" IN ('G', 'PG', 'PG-13')  ORDER BY "movies"."release_date" ASC[0m
  Rendered movies/index.html.haml within layouts/application (2.0ms)
Completed 200 OK in 13ms (Views: 12.3ms | ActiveRecord: 0.2ms)


Started GET "/movies?ratings%5BG%5D=1&ratings%5BPG%5D=1&ratings%5BPG-13%5D=1&sort=release_date" for ::1 at 2019-02-19 18:24:48 -0600
Processing by MoviesController#index as HTML
  Parameters: {"ratings"=>{"G"=>"1", "PG"=>"1", "PG-13"=>"1"}, "sort"=>"release_date"}
  [1m[35mMovie Load (0.2ms)[0m  SELECT "movies".* FROM "movies" WHERE "movies"."rating" IN ('G', 'PG', 'PG-13')  ORDER BY "movies"."release_date" ASC
  Rendered movies/index.html.haml within layouts/application (1.8ms)
Completed 200 OK in 13ms (Views: 12.3ms | ActiveRecord: 0.2ms)


Started GET "/movies?ratings%5BG%5D=1&ratings%5BPG%5D=1&ratings%5BPG-13%5D=1&sort=title" for ::1 at 2019-02-19 18:24:50 -0600
Processing by MoviesController#index as HTML
  Parameters: {"ratings"=>{"G"=>"1", "PG"=>"1", "PG-13"=>"1"}, "sort"=>"title"}
Redirected to http://localhost:3000/movies?ratings%5BG%5D=1&ratings%5BPG%5D=1&ratings%5BPG-13%5D=1&sort=title
Completed 302 Found in 1ms (ActiveRecord: 0.0ms)


Started GET "/movies?ratings%5BG%5D=1&ratings%5BPG%5D=1&ratings%5BPG-13%5D=1&sort=title" for ::1 at 2019-02-19 18:24:50 -0600
Processing by MoviesController#index as HTML
  Parameters: {"ratings"=>{"G"=>"1", "PG"=>"1", "PG-13"=>"1"}, "sort"=>"title"}
  [1m[36mMovie Load (0.2ms)[0m  [1mSELECT "movies".* FROM "movies" WHERE "movies"."rating" IN ('G', 'PG', 'PG-13')  ORDER BY "movies"."title" ASC[0m
  Rendered movies/index.html.haml within layouts/application (1.9ms)
Completed 200 OK in 13ms (Views: 12.0ms | ActiveRecord: 0.2ms)


Started GET "/assets/rails.png" for ::1 at 2019-02-19 18:29:50 -0600
  [1m[36mActiveRecord::SchemaMigration Load (0.6ms)[0m  [1mSELECT "schema_migrations".* FROM "schema_migrations"[0m
  [1m[35mActiveRecord::SchemaMigration Load (0.1ms)[0m  SELECT "schema_migrations".* FROM "schema_migrations"
  [1m[36m (1.1ms)[0m  [1mCREATE TABLE "movies" ("id" INTEGER PRIMARY KEY AUTOINCREMENT NOT NULL, "title" varchar, "rating" varchar, "description" text, "release_date" datetime, "created_at" datetime, "updated_at" datetime) [0m
  [1m[35m (1.0ms)[0m  CREATE TABLE "schema_migrations" ("version" varchar NOT NULL) 
  [1m[36m (0.1ms)[0m  [1mselect sqlite_version(*)[0m
  [1m[35m (0.9ms)[0m  CREATE UNIQUE INDEX "unique_schema_migrations" ON "schema_migrations" ("version")
  [1m[36m (0.1ms)[0m  [1mSELECT version FROM "schema_migrations"[0m
  [1m[35m (0.9ms)[0m  INSERT INTO "schema_migrations" (version) VALUES ('20111119180638')


Started GET "/assets/rails.png" for ::1 at 2019-02-19 18:31:08 -0600


Started GET "/assets/rails.png" for ::1 at 2019-02-19 18:34:59 -0600


Started GET "/assets/rails.png" for ::1 at 2019-02-21 18:22:59 -0600


Started GET "/assets/rails.png" for ::1 at 2019-02-21 18:25:28 -0600


Started GET "/assets/rails.png" for ::1 at 2019-02-21 18:26:03 -0600


Started GET "/assets/rails.png" for ::1 at 2019-02-21 18:26:03 -0600


Started GET "/assets/rails.png" for ::1 at 2019-02-21 18:26:04 -0600


Started GET "/" for ::1 at 2019-02-21 18:30:09 -0600
Processing by MoviesController#index as HTML
  [1m[36mMovie Load (0.9ms)[0m  [1mSELECT "movies".* FROM "movies" WHERE "movies"."rating" IN ('G', 'PG', 'PG-13', 'NC-17', 'R')[0m
  Rendered movies/index.html.haml within layouts/application (29.8ms)
Completed 200 OK in 355ms (Views: 313.3ms | ActiveRecord: 6.7ms)


Started GET "/assets/application.self-6f9b50b1298248f9ffdfe129ec4b3e377026ffe33aae3e37ecbf3da21d69be77.css?body=1" for ::1 at 2019-02-21 18:30:09 -0600


Started GET "/assets/jquery.self-bd7ddd393353a8d2480a622e80342adf488fb6006d667e8b42e4c0073393abee.js?body=1" for ::1 at 2019-02-21 18:30:09 -0600


Started GET "/assets/jquery_ujs.self-784a997f6726036b1993eb2217c9cb558e1cbb801c6da88105588c56f13b466a.js?body=1" for ::1 at 2019-02-21 18:30:09 -0600


Started GET "/" for ::1 at 2019-02-25 18:41:44 -0600
Processing by MoviesController#index as HTML
  [1m[36mMovie Load (0.7ms)[0m  [1mSELECT "movies".* FROM "movies" WHERE "movies"."rating" IN ('G', 'PG', 'PG-13', 'NC-17', 'R')[0m
  Rendered movies/index.html.haml within layouts/application (29.6ms)
Completed 200 OK in 252ms (Views: 210.7ms | ActiveRecord: 5.1ms)


Started GET "/assets/jquery_ujs.self-784a997f6726036b1993eb2217c9cb558e1cbb801c6da88105588c56f13b466a.js?body=1" for ::1 at 2019-02-25 18:41:44 -0600


Started GET "/assets/jquery.self-bd7ddd393353a8d2480a622e80342adf488fb6006d667e8b42e4c0073393abee.js?body=1" for ::1 at 2019-02-25 18:41:44 -0600
  [1m[36m (1.4ms)[0m  [1mCREATE TABLE "movies" ("id" INTEGER PRIMARY KEY AUTOINCREMENT NOT NULL, "title" varchar, "rating" varchar, "description" text, "release_date" datetime, "created_at" datetime, "updated_at" datetime) [0m
  [1m[35m (1.0ms)[0m  CREATE TABLE "schema_migrations" ("version" varchar NOT NULL) 
  [1m[36m (0.1ms)[0m  [1mselect sqlite_version(*)[0m
  [1m[35m (0.9ms)[0m  CREATE UNIQUE INDEX "unique_schema_migrations" ON "schema_migrations" ("version")
  [1m[36m (0.1ms)[0m  [1mSELECT version FROM "schema_migrations"[0m
  [1m[35m (0.7ms)[0m  INSERT INTO "schema_migrations" (version) VALUES ('20111119180638')
  [1m[36m (1.0ms)[0m  [1mCREATE TABLE "movies" ("id" INTEGER PRIMARY KEY AUTOINCREMENT NOT NULL, "title" varchar, "rating" varchar, "description" text, "release_date" datetime, "created_at" datetime, "updated_at" datetime) [0m
  [1m[35m (1.0ms)[0m  CREATE TABLE "schema_migrations" ("version" varchar NOT NULL) 
  [1m[36m (0.1ms)[0m  [1mselect sqlite_version(*)[0m
  [1m[35m (0.9ms)[0m  CREATE UNIQUE INDEX "unique_schema_migrations" ON "schema_migrations" ("version")
  [1m[36m (0.1ms)[0m  [1mSELECT version FROM "schema_migrations"[0m
  [1m[35m (0.9ms)[0m  INSERT INTO "schema_migrations" (version) VALUES ('20111119180638')


Started GET "/" for ::1 at 2019-02-25 21:42:23 -0600
Processing by MoviesController#index as HTML
  [1m[36mMovie Load (0.2ms)[0m  [1mSELECT "movies".* FROM "movies" WHERE "movies"."rating" IN ('G', 'PG', 'PG-13', 'NC-17', 'R')[0m
  Rendered movies/index.html.haml within layouts/application (27.1ms)
Completed 200 OK in 247ms (Views: 211.2ms | ActiveRecord: 1.9ms)
  [1m[36mActiveRecord::SchemaMigration Load (0.1ms)[0m  [1mSELECT "schema_migrations".* FROM "schema_migrations"[0m
  [1m[36mActiveRecord::SchemaMigration Load (0.1ms)[0m  [1mSELECT "schema_migrations".* FROM "schema_migrations"[0m
Migrating to AddDirectorToMovies (20190226033316)
  [1m[35m (0.0ms)[0m  begin transaction
  [1m[36m (0.4ms)[0m  [1mALTER TABLE "movies" ADD "director" varchar[0m
  [1m[35mSQL (0.1ms)[0m  INSERT INTO "schema_migrations" ("version") VALUES (?)  [["version", "20190226033316"]]
  [1m[36m (0.7ms)[0m  [1mcommit transaction[0m
  [1m[35mActiveRecord::SchemaMigration Load (0.1ms)[0m  SELECT "schema_migrations".* FROM "schema_migrations"
  [1m[36mActiveRecord::SchemaMigration Load (0.1ms)[0m  [1mSELECT "schema_migrations".* FROM "schema_migrations"[0m
  [1m[35m (0.1ms)[0m  begin transaction
  [1m[36mSQL (0.4ms)[0m  [1mINSERT INTO "movies" ("title", "rating", "release_date", "created_at", "updated_at") VALUES (?, ?, ?, ?, ?)[0m  [["title", "Aladdin"], ["rating", "G"], ["release_date", "1992-11-25 00:00:00.000000"], ["created_at", "2019-02-26 03:43:21.931345"], ["updated_at", "2019-02-26 03:43:21.931345"]]
  [1m[35m (0.8ms)[0m  commit transaction
  [1m[36m (0.0ms)[0m  [1mbegin transaction[0m
  [1m[35mSQL (0.2ms)[0m  INSERT INTO "movies" ("title", "rating", "release_date", "created_at", "updated_at") VALUES (?, ?, ?, ?, ?)  [["title", "The Terminator"], ["rating", "R"], ["release_date", "1984-10-26 00:00:00.000000"], ["created_at", "2019-02-26 03:43:21.933830"], ["updated_at", "2019-02-26 03:43:21.933830"]]
  [1m[36m (0.6ms)[0m  [1mcommit transaction[0m
  [1m[35m (0.0ms)[0m  begin transaction
  [1m[36mSQL (0.3ms)[0m  [1mINSERT INTO "movies" ("title", "rating", "release_date", "created_at", "updated_at") VALUES (?, ?, ?, ?, ?)[0m  [["title", "When Harry Met Sally"], ["rating", "R"], ["release_date", "1989-07-21 00:00:00.000000"], ["created_at", "2019-02-26 03:43:21.935795"], ["updated_at", "2019-02-26 03:43:21.935795"]]
  [1m[35m (0.6ms)[0m  commit transaction
  [1m[36m (0.0ms)[0m  [1mbegin transaction[0m
  [1m[35mSQL (0.2ms)[0m  INSERT INTO "movies" ("title", "rating", "release_date", "created_at", "updated_at") VALUES (?, ?, ?, ?, ?)  [["title", "The Help"], ["rating", "PG-13"], ["release_date", "2011-08-10 00:00:00.000000"], ["created_at", "2019-02-26 03:43:21.937648"], ["updated_at", "2019-02-26 03:43:21.937648"]]
  [1m[36m (0.6ms)[0m  [1mcommit transaction[0m
  [1m[35m (0.0ms)[0m  begin transaction
  [1m[36mSQL (0.2ms)[0m  [1mINSERT INTO "movies" ("title", "rating", "release_date", "created_at", "updated_at") VALUES (?, ?, ?, ?, ?)[0m  [["title", "Chocolat"], ["rating", "PG-13"], ["release_date", "2001-01-05 00:00:00.000000"], ["created_at", "2019-02-26 03:43:21.939485"], ["updated_at", "2019-02-26 03:43:21.939485"]]
  [1m[35m (0.5ms)[0m  commit transaction
  [1m[36m (0.0ms)[0m  [1mbegin transaction[0m
  [1m[35mSQL (0.2ms)[0m  INSERT INTO "movies" ("title", "rating", "release_date", "created_at", "updated_at") VALUES (?, ?, ?, ?, ?)  [["title", "Amelie"], ["rating", "R"], ["release_date", "2001-04-25 00:00:00.000000"], ["created_at", "2019-02-26 03:43:21.941190"], ["updated_at", "2019-02-26 03:43:21.941190"]]
  [1m[36m (0.7ms)[0m  [1mcommit transaction[0m
  [1m[35m (0.1ms)[0m  begin transaction
  [1m[36mSQL (0.3ms)[0m  [1mINSERT INTO "movies" ("title", "rating", "release_date", "created_at", "updated_at") VALUES (?, ?, ?, ?, ?)[0m  [["title", "2001: A Space Odyssey"], ["rating", "G"], ["release_date", "1968-04-06 00:00:00.000000"], ["created_at", "2019-02-26 03:43:21.943037"], ["updated_at", "2019-02-26 03:43:21.943037"]]
  [1m[35m (0.7ms)[0m  commit transaction
  [1m[36m (0.0ms)[0m  [1mbegin transaction[0m
  [1m[35mSQL (0.3ms)[0m  INSERT INTO "movies" ("title", "rating", "release_date", "created_at", "updated_at") VALUES (?, ?, ?, ?, ?)  [["title", "The Incredibles"], ["rating", "PG"], ["release_date", "2004-11-05 00:00:00.000000"], ["created_at", "2019-02-26 03:43:21.945190"], ["updated_at", "2019-02-26 03:43:21.945190"]]
  [1m[36m (0.7ms)[0m  [1mcommit transaction[0m
  [1m[35m (0.0ms)[0m  begin transaction
  [1m[36mSQL (0.3ms)[0m  [1mINSERT INTO "movies" ("title", "rating", "release_date", "created_at", "updated_at") VALUES (?, ?, ?, ?, ?)[0m  [["title", "Raiders of the Lost Ark"], ["rating", "PG"], ["release_date", "1981-06-12 00:00:00.000000"], ["created_at", "2019-02-26 03:43:21.947286"], ["updated_at", "2019-02-26 03:43:21.947286"]]
  [1m[35m (0.7ms)[0m  commit transaction
  [1m[36m (0.0ms)[0m  [1mbegin transaction[0m
  [1m[35mSQL (0.3ms)[0m  INSERT INTO "movies" ("title", "rating", "release_date", "created_at", "updated_at") VALUES (?, ?, ?, ?, ?)  [["title", "Chicken Run"], ["rating", "G"], ["release_date", "2000-06-21 00:00:00.000000"], ["created_at", "2019-02-26 03:43:21.949502"], ["updated_at", "2019-02-26 03:43:21.949502"]]
  [1m[36m (0.6ms)[0m  [1mcommit transaction[0m


Started GET "/" for ::1 at 2019-02-25 21:43:28 -0600
Processing by MoviesController#index as HTML
  [1m[36mMovie Load (0.2ms)[0m  [1mSELECT "movies".* FROM "movies" WHERE "movies"."rating" IN ('G', 'PG', 'PG-13', 'NC-17', 'R')[0m
  Rendered movies/index.html.haml within layouts/application (21.6ms)
Completed 200 OK in 213ms (Views: 183.0ms | ActiveRecord: 1.8ms)
  [1m[36m (1.3ms)[0m  [1mCREATE TABLE "movies" ("id" INTEGER PRIMARY KEY AUTOINCREMENT NOT NULL, "title" varchar, "rating" varchar, "description" text, "release_date" datetime, "created_at" datetime, "updated_at" datetime, "director" varchar) [0m
  [1m[35m (0.9ms)[0m  CREATE TABLE "schema_migrations" ("version" varchar NOT NULL) 
  [1m[36m (0.1ms)[0m  [1mselect sqlite_version(*)[0m
  [1m[35m (0.8ms)[0m  CREATE UNIQUE INDEX "unique_schema_migrations" ON "schema_migrations" ("version")
  [1m[36m (0.1ms)[0m  [1mSELECT version FROM "schema_migrations"[0m
  [1m[35m (0.8ms)[0m  INSERT INTO "schema_migrations" (version) VALUES ('20190226033316')
  [1m[36m (0.8ms)[0m  [1mINSERT INTO "schema_migrations" (version) VALUES ('20111119180638')[0m


Started GET "/" for ::1 at 2019-02-25 21:49:59 -0600
Processing by MoviesController#index as HTML
  [1m[36mMovie Load (0.5ms)[0m  [1mSELECT "movies".* FROM "movies" WHERE "movies"."rating" IN ('G', 'PG', 'PG-13', 'NC-17', 'R')[0m
  Rendered movies/index.html.haml within layouts/application (25.7ms)
Completed 200 OK in 255ms (Views: 218.4ms | ActiveRecord: 2.2ms)


Started GET "/movies/1" for ::1 at 2019-02-25 21:50:03 -0600
Processing by MoviesController#show as HTML
  Parameters: {"id"=>"1"}
  [1m[35mMovie Load (0.2ms)[0m  SELECT  "movies".* FROM "movies" WHERE "movies"."id" = ? LIMIT 1  [["id", 1]]
  Rendered movies/show.html.haml within layouts/application (2.6ms)
Completed 200 OK in 17ms (Views: 14.5ms | ActiveRecord: 0.2ms)


Started GET "/movies/1" for ::1 at 2019-02-25 21:52:10 -0600
Processing by MoviesController#show as HTML
  Parameters: {"id"=>"1"}
  [1m[36mMovie Load (0.1ms)[0m  [1mSELECT  "movies".* FROM "movies" WHERE "movies"."id" = ? LIMIT 1[0m  [["id", 1]]
  Rendered movies/show.html.haml within layouts/application (3.1ms)
Completed 200 OK in 15ms (Views: 14.3ms | ActiveRecord: 0.1ms)


Started GET "/movies/1" for ::1 at 2019-02-25 22:35:13 -0600
Processing by MoviesController#show as HTML
  Parameters: {"id"=>"1"}
  [1m[36mMovie Load (0.6ms)[0m  [1mSELECT  "movies".* FROM "movies" WHERE "movies"."id" = ? LIMIT 1[0m  [["id", 1]]
  Rendered movies/show.html.haml within layouts/application (13.6ms)
Completed 200 OK in 250ms (Views: 203.9ms | ActiveRecord: 5.5ms)


Started GET "/movies/" for ::1 at 2019-02-25 22:35:17 -0600
Processing by MoviesController#index as HTML
  [1m[35mMovie Load (0.3ms)[0m  SELECT "movies".* FROM "movies" WHERE "movies"."rating" IN ('G', 'PG', 'PG-13', 'NC-17', 'R')
  Rendered movies/index.html.haml within layouts/application (7.8ms)
Completed 200 OK in 20ms (Views: 18.7ms | ActiveRecord: 0.3ms)


Started GET "/movies/1" for ::1 at 2019-02-25 22:35:20 -0600
Processing by MoviesController#show as HTML
  Parameters: {"id"=>"1"}
  [1m[36mMovie Load (0.1ms)[0m  [1mSELECT  "movies".* FROM "movies" WHERE "movies"."id" = ? LIMIT 1[0m  [["id", 1]]
  Rendered movies/show.html.haml within layouts/application (0.8ms)
Completed 200 OK in 12ms (Views: 11.6ms | ActiveRecord: 0.1ms)


Started GET "/movies/1/edit" for ::1 at 2019-02-25 22:35:22 -0600
Processing by MoviesController#edit as HTML
  Parameters: {"id"=>"1"}
  [1m[35mMovie Load (0.1ms)[0m  SELECT  "movies".* FROM "movies" WHERE "movies"."id" = ? LIMIT 1  [["id", 1]]
  Rendered movies/edit.html.haml within layouts/application (14.6ms)
Completed 200 OK in 26ms (Views: 25.4ms | ActiveRecord: 0.1ms)


Started GET "/movies" for ::1 at 2019-02-25 23:13:08 -0600
Processing by MoviesController#index as HTML
  [1m[36mMovie Load (1.2ms)[0m  [1mSELECT "movies".* FROM "movies" WHERE "movies"."rating" IN ('G', 'PG', 'PG-13', 'NC-17', 'R')[0m
  Rendered movies/index.html.haml within layouts/application (23.5ms)
Completed 200 OK in 222ms (Views: 193.9ms | ActiveRecord: 2.8ms)


Started GET "/movies/1" for ::1 at 2019-02-25 23:13:11 -0600
Processing by MoviesController#show as HTML
  Parameters: {"id"=>"1"}
  [1m[35mMovie Load (0.1ms)[0m  SELECT  "movies".* FROM "movies" WHERE "movies"."id" = ? LIMIT 1  [["id", 1]]
  Rendered movies/show.html.haml within layouts/application (36.7ms)
Completed 500 Internal Server Error in 44ms (ActiveRecord: 0.1ms)

ActionView::Template::Error (undefined local variable or method `movie_similar_path' for #<#<Class:0x007faff0d31100>:0x007faff0195b48>
Did you mean?  movie_path):
    18: 
    19: = link_to 'Edit', edit_movie_path(@movie)
    20: = button_to 'Delete', movie_path(@movie), :method => :delete, :confirm => 'Are you sure?'
    21: = link_to 'Find Movies With Same Director', movie_similar_path
    22: = link_to 'Back to movie list', movies_path
  app/views/movies/show.html.haml:21:in `_app_views_movies_show_html_haml___331374032721047875_70196812096520'


  Rendered /Users/yixuchen/.rvm/gems/ruby-2.4.0@global/gems/actionpack-4.2.10/lib/action_dispatch/middleware/templates/rescues/_source.erb (4.2ms)
  Rendered /Users/yixuchen/.rvm/gems/ruby-2.4.0@global/gems/actionpack-4.2.10/lib/action_dispatch/middleware/templates/rescues/_trace.html.erb (1.6ms)
  Rendered /Users/yixuchen/.rvm/gems/ruby-2.4.0@global/gems/actionpack-4.2.10/lib/action_dispatch/middleware/templates/rescues/_request_and_response.html.erb (0.6ms)
  Rendered /Users/yixuchen/.rvm/gems/ruby-2.4.0@global/gems/actionpack-4.2.10/lib/action_dispatch/middleware/templates/rescues/template_error.html.erb within rescues/layout (74.5ms)


Started GET "/movies/1" for ::1 at 2019-02-25 23:14:58 -0600
Processing by MoviesController#show as HTML
  Parameters: {"id"=>"1"}
  [1m[36mMovie Load (0.1ms)[0m  [1mSELECT  "movies".* FROM "movies" WHERE "movies"."id" = ? LIMIT 1[0m  [["id", 1]]
  Rendered movies/show.html.haml within layouts/application (0.9ms)
Completed 200 OK in 21ms (Views: 13.9ms | ActiveRecord: 0.5ms)


Started GET "/movies/1" for ::1 at 2019-02-25 23:15:38 -0600
Processing by MoviesController#show as HTML
  Parameters: {"id"=>"1"}
  [1m[35mMovie Load (0.1ms)[0m  SELECT  "movies".* FROM "movies" WHERE "movies"."id" = ? LIMIT 1  [["id", 1]]
  Rendered movies/show.html.haml within layouts/application (3.1ms)
Completed 200 OK in 15ms (Views: 14.1ms | ActiveRecord: 0.1ms)


Started GET "/movies/1" for ::1 at 2019-02-25 23:21:43 -0600
Processing by MoviesController#show as HTML
  Parameters: {"id"=>"1"}
  [1m[36mMovie Load (0.1ms)[0m  [1mSELECT  "movies".* FROM "movies" WHERE "movies"."id" = ? LIMIT 1[0m  [["id", 1]]
  Rendered movies/show.html.haml within layouts/application (2.9ms)
Completed 200 OK in 24ms (Views: 15.6ms | ActiveRecord: 0.5ms)


Started GET "/movies/1" for ::1 at 2019-02-25 23:23:55 -0600
Processing by MoviesController#show as HTML
  Parameters: {"id"=>"1"}
  [1m[35mMovie Load (0.1ms)[0m  SELECT  "movies".* FROM "movies" WHERE "movies"."id" = ? LIMIT 1  [["id", 1]]
  Rendered movies/show.html.haml within layouts/application (2.9ms)
Completed 200 OK in 14ms (Views: 13.6ms | ActiveRecord: 0.1ms)


Started GET "/movies/1" for ::1 at 2019-02-25 23:24:05 -0600
Processing by MoviesController#show as HTML
  Parameters: {"id"=>"1"}
  [1m[36mMovie Load (0.1ms)[0m  [1mSELECT  "movies".* FROM "movies" WHERE "movies"."id" = ? LIMIT 1[0m  [["id", 1]]
  Rendered movies/show.html.haml within layouts/application (3.0ms)
Completed 200 OK in 15ms (Views: 14.0ms | ActiveRecord: 0.1ms)


Started GET "/movies/1" for ::1 at 2019-02-25 23:24:36 -0600
Processing by MoviesController#show as HTML
  Parameters: {"id"=>"1"}
  [1m[35mMovie Load (0.1ms)[0m  SELECT  "movies".* FROM "movies" WHERE "movies"."id" = ? LIMIT 1  [["id", 1]]
  Rendered movies/show.html.haml within layouts/application (3.0ms)
Completed 200 OK in 21ms (Views: 13.8ms | ActiveRecord: 0.1ms)


Started GET "/movies/1" for ::1 at 2019-02-25 23:24:43 -0600
Processing by MoviesController#show as HTML
  Parameters: {"id"=>"1"}
  [1m[36mMovie Load (0.1ms)[0m  [1mSELECT  "movies".* FROM "movies" WHERE "movies"."id" = ? LIMIT 1[0m  [["id", 1]]
  Rendered movies/show.html.haml within layouts/application (3.1ms)
Completed 200 OK in 15ms (Views: 14.3ms | ActiveRecord: 0.1ms)


Started GET "/movies/1/similar" for ::1 at 2019-02-25 23:24:57 -0600
Processing by MoviesController#similar as HTML
  Parameters: {"id"=>"1"}
  [1m[35mMovie Load (0.1ms)[0m  SELECT  "movies".* FROM "movies" WHERE "movies"."id" = ? LIMIT 1  [["id", 1]]
Redirected to http://localhost:3000/movies
Completed 302 Found in 1ms (ActiveRecord: 0.1ms)


Started GET "/movies" for ::1 at 2019-02-25 23:24:57 -0600
Processing by MoviesController#index as HTML
  [1m[36mMovie Load (0.4ms)[0m  [1mSELECT "movies".* FROM "movies" WHERE "movies"."rating" IN ('G', 'PG', 'PG-13', 'NC-17', 'R')[0m
  Rendered movies/index.html.haml within layouts/application (3.3ms)
Completed 200 OK in 15ms (Views: 13.6ms | ActiveRecord: 0.4ms)


Started GET "/movies/1" for ::1 at 2019-02-25 23:25:10 -0600
Processing by MoviesController#show as HTML
  Parameters: {"id"=>"1"}
  [1m[35mMovie Load (0.1ms)[0m  SELECT  "movies".* FROM "movies" WHERE "movies"."id" = ? LIMIT 1  [["id", 1]]
  Rendered movies/show.html.haml within layouts/application (1.0ms)
Completed 200 OK in 13ms (Views: 12.6ms | ActiveRecord: 0.1ms)


Started GET "/movies/1/edit" for ::1 at 2019-02-25 23:25:11 -0600
Processing by MoviesController#edit as HTML
  Parameters: {"id"=>"1"}
  [1m[36mMovie Load (0.1ms)[0m  [1mSELECT  "movies".* FROM "movies" WHERE "movies"."id" = ? LIMIT 1[0m  [["id", 1]]
  Rendered movies/edit.html.haml within layouts/application (17.1ms)
Completed 200 OK in 29ms (Views: 28.3ms | ActiveRecord: 0.1ms)


Started PUT "/movies/1" for ::1 at 2019-02-25 23:25:16 -0600
Processing by MoviesController#update as HTML
  Parameters: {"utf8"=>"✓", "authenticity_token"=>"Rl3nPghg4v5LloEm6bHufffKWuGVSQ7GanqdfU0LrdHCd2qteFXky13eEICo6khQ/HvKSZmFbNkYvWuainJ+jA==", "movie"=>{"title"=>"ABC", "rating"=>"G", "director"=>"Da", "release_date(1i)"=>"2019", "release_date(2i)"=>"2", "release_date(3i)"=>"20"}, "commit"=>"Update Movie Info", "id"=>"1"}
  [1m[35mMovie Load (0.1ms)[0m  SELECT  "movies".* FROM "movies" WHERE "movies"."id" = ? LIMIT 1  [["id", 1]]
  [1m[36m (0.0ms)[0m  [1mbegin transaction[0m
  [1m[35mSQL (0.4ms)[0m  UPDATE "movies" SET "director" = ?, "updated_at" = ? WHERE "movies"."id" = ?  [["director", "Da"], ["updated_at", "2019-02-26 05:25:16.399675"], ["id", 1]]
  [1m[36m (1.0ms)[0m  [1mcommit transaction[0m
Redirected to http://localhost:3000/movies/1
Completed 302 Found in 4ms (ActiveRecord: 1.5ms)


Started GET "/movies/1" for ::1 at 2019-02-25 23:25:16 -0600
Processing by MoviesController#show as HTML
  Parameters: {"id"=>"1"}
  [1m[35mMovie Load (0.1ms)[0m  SELECT  "movies".* FROM "movies" WHERE "movies"."id" = ? LIMIT 1  [["id", 1]]
  Rendered movies/show.html.haml within layouts/application (0.9ms)
Completed 200 OK in 13ms (Views: 12.3ms | ActiveRecord: 0.1ms)


Started GET "/movies" for ::1 at 2019-02-25 23:25:18 -0600
Processing by MoviesController#index as HTML
  [1m[36mMovie Load (0.3ms)[0m  [1mSELECT "movies".* FROM "movies" WHERE "movies"."rating" IN ('G', 'PG', 'PG-13', 'NC-17', 'R')[0m
  Rendered movies/index.html.haml within layouts/application (2.7ms)
Completed 200 OK in 14ms (Views: 12.9ms | ActiveRecord: 0.3ms)


Started GET "/movies/2" for ::1 at 2019-02-25 23:25:20 -0600
Processing by MoviesController#show as HTML
  Parameters: {"id"=>"2"}
  [1m[35mMovie Load (0.1ms)[0m  SELECT  "movies".* FROM "movies" WHERE "movies"."id" = ? LIMIT 1  [["id", 2]]
  Rendered movies/show.html.haml within layouts/application (1.0ms)
Completed 200 OK in 13ms (Views: 12.2ms | ActiveRecord: 0.1ms)


Started GET "/movies" for ::1 at 2019-02-25 23:25:22 -0600
Processing by MoviesController#index as HTML
  [1m[36mMovie Load (0.2ms)[0m  [1mSELECT "movies".* FROM "movies" WHERE "movies"."rating" IN ('G', 'PG', 'PG-13', 'NC-17', 'R')[0m
  Rendered movies/index.html.haml within layouts/application (2.8ms)
Completed 200 OK in 14ms (Views: 13.1ms | ActiveRecord: 0.2ms)


Started GET "/movies/2" for ::1 at 2019-02-25 23:25:24 -0600
Processing by MoviesController#show as HTML
  Parameters: {"id"=>"2"}
  [1m[35mMovie Load (0.1ms)[0m  SELECT  "movies".* FROM "movies" WHERE "movies"."id" = ? LIMIT 1  [["id", 2]]
  Rendered movies/show.html.haml within layouts/application (0.8ms)
Completed 200 OK in 12ms (Views: 11.2ms | ActiveRecord: 0.1ms)


Started GET "/movies/2/edit" for ::1 at 2019-02-25 23:25:26 -0600
Processing by MoviesController#edit as HTML
  Parameters: {"id"=>"2"}
  [1m[36mMovie Load (0.1ms)[0m  [1mSELECT  "movies".* FROM "movies" WHERE "movies"."id" = ? LIMIT 1[0m  [["id", 2]]
  Rendered movies/edit.html.haml within layouts/application (2.0ms)
Completed 200 OK in 13ms (Views: 12.5ms | ActiveRecord: 0.1ms)


Started PUT "/movies/2" for ::1 at 2019-02-25 23:25:28 -0600
Processing by MoviesController#update as HTML
  Parameters: {"utf8"=>"✓", "authenticity_token"=>"zqrIw46epRl2n1mBvqJpAztMejm5xJyc7SFHfp97vJlKgEVQ/qujLGDXyCf/+c8uMP3qkbUI/oOf5rGZWAJvxA==", "movie"=>{"title"=>"CaiCaimeetCatCat", "rating"=>"G", "director"=>"Da", "release_date(1i)"=>"2019", "release_date(2i)"=>"2", "release_date(3i)"=>"20"}, "commit"=>"Update Movie Info", "id"=>"2"}
  [1m[35mMovie Load (0.1ms)[0m  SELECT  "movies".* FROM "movies" WHERE "movies"."id" = ? LIMIT 1  [["id", 2]]
  [1m[36m (0.0ms)[0m  [1mbegin transaction[0m
  [1m[35mSQL (0.3ms)[0m  UPDATE "movies" SET "director" = ?, "updated_at" = ? WHERE "movies"."id" = ?  [["director", "Da"], ["updated_at", "2019-02-26 05:25:28.617521"], ["id", 2]]
  [1m[36m (0.7ms)[0m  [1mcommit transaction[0m
Redirected to http://localhost:3000/movies/2
Completed 302 Found in 4ms (ActiveRecord: 1.1ms)


Started GET "/movies/2" for ::1 at 2019-02-25 23:25:28 -0600
Processing by MoviesController#show as HTML
  Parameters: {"id"=>"2"}
  [1m[35mMovie Load (0.1ms)[0m  SELECT  "movies".* FROM "movies" WHERE "movies"."id" = ? LIMIT 1  [["id", 2]]
  Rendered movies/show.html.haml within layouts/application (0.9ms)
Completed 200 OK in 13ms (Views: 12.3ms | ActiveRecord: 0.1ms)


Started GET "/movies" for ::1 at 2019-02-25 23:25:30 -0600
Processing by MoviesController#index as HTML
  [1m[36mMovie Load (0.2ms)[0m  [1mSELECT "movies".* FROM "movies" WHERE "movies"."rating" IN ('G', 'PG', 'PG-13', 'NC-17', 'R')[0m
  Rendered movies/index.html.haml within layouts/application (2.8ms)
Completed 200 OK in 14ms (Views: 13.3ms | ActiveRecord: 0.2ms)


Started GET "/movies/3" for ::1 at 2019-02-25 23:25:31 -0600
Processing by MoviesController#show as HTML
  Parameters: {"id"=>"3"}
  [1m[35mMovie Load (0.1ms)[0m  SELECT  "movies".* FROM "movies" WHERE "movies"."id" = ? LIMIT 1  [["id", 3]]
  Rendered movies/show.html.haml within layouts/application (0.8ms)
Completed 200 OK in 12ms (Views: 11.4ms | ActiveRecord: 0.1ms)


Started GET "/movies" for ::1 at 2019-02-25 23:25:33 -0600
Processing by MoviesController#index as HTML
  [1m[36mMovie Load (0.2ms)[0m  [1mSELECT "movies".* FROM "movies" WHERE "movies"."rating" IN ('G', 'PG', 'PG-13', 'NC-17', 'R')[0m
  Rendered movies/index.html.haml within layouts/application (3.0ms)
Completed 200 OK in 14ms (Views: 13.2ms | ActiveRecord: 0.2ms)


Started GET "/movies/1" for ::1 at 2019-02-25 23:25:34 -0600
Processing by MoviesController#show as HTML
  Parameters: {"id"=>"1"}
  [1m[35mMovie Load (0.1ms)[0m  SELECT  "movies".* FROM "movies" WHERE "movies"."id" = ? LIMIT 1  [["id", 1]]
  Rendered movies/show.html.haml within layouts/application (0.8ms)
Completed 200 OK in 12ms (Views: 11.2ms | ActiveRecord: 0.1ms)


Started GET "/movies/1/similar" for ::1 at 2019-02-25 23:25:36 -0600
Processing by MoviesController#similar as HTML
  Parameters: {"id"=>"1"}
  [1m[36mMovie Load (0.1ms)[0m  [1mSELECT  "movies".* FROM "movies" WHERE "movies"."id" = ? LIMIT 1[0m  [["id", 1]]
  [1m[35mMovie Load (0.2ms)[0m  SELECT "movies".* FROM "movies" WHERE "movies"."director" = ?  [["director", "Da"]]
  Rendered movies/similar.html.haml within layouts/application (3.5ms)
Completed 200 OK in 16ms (Views: 15.3ms | ActiveRecord: 0.3ms)


Started GET "/movies/1/similar" for ::1 at 2019-02-25 23:26:10 -0600
Processing by MoviesController#similar as HTML
  Parameters: {"id"=>"1"}
  [1m[36mMovie Load (0.1ms)[0m  [1mSELECT  "movies".* FROM "movies" WHERE "movies"."id" = ? LIMIT 1[0m  [["id", 1]]
  [1m[35mMovie Load (0.1ms)[0m  SELECT "movies".* FROM "movies" WHERE "movies"."director" = ?  [["director", "Da"]]
  Rendered movies/similar.html.haml within layouts/application (3.5ms)
Completed 200 OK in 15ms (Views: 14.5ms | ActiveRecord: 0.2ms)


Started GET "/movies/1" for ::1 at 2019-02-25 23:28:23 -0600
Processing by MoviesController#show as HTML
  Parameters: {"id"=>"1"}
  [1m[36mMovie Load (0.7ms)[0m  [1mSELECT  "movies".* FROM "movies" WHERE "movies"."id" = ? LIMIT 1[0m  [["id", 1]]
  Rendered movies/show.html.haml within layouts/application (13.5ms)
Completed 200 OK in 240ms (Views: 194.0ms | ActiveRecord: 2.6ms)


Started GET "/movies" for ::1 at 2019-02-25 23:28:24 -0600
Processing by MoviesController#index as HTML
  [1m[35mMovie Load (0.3ms)[0m  SELECT "movies".* FROM "movies" WHERE "movies"."rating" IN ('G', 'PG', 'PG-13', 'NC-17', 'R')
  Rendered movies/index.html.haml within layouts/application (7.8ms)
Completed 200 OK in 20ms (Views: 19.4ms | ActiveRecord: 0.3ms)


Started GET "/movies/1" for ::1 at 2019-02-25 23:28:26 -0600
Processing by MoviesController#show as HTML
  Parameters: {"id"=>"1"}
  [1m[36mMovie Load (0.1ms)[0m  [1mSELECT  "movies".* FROM "movies" WHERE "movies"."id" = ? LIMIT 1[0m  [["id", 1]]
  Rendered movies/show.html.haml within layouts/application (0.8ms)
Completed 200 OK in 12ms (Views: 11.6ms | ActiveRecord: 0.1ms)


Started GET "/movies/1/similar" for ::1 at 2019-02-25 23:28:28 -0600
Processing by MoviesController#similar as HTML
  Parameters: {"id"=>"1"}
  [1m[35mMovie Load (0.1ms)[0m  SELECT  "movies".* FROM "movies" WHERE "movies"."id" = ? LIMIT 1  [["id", 1]]
  [1m[36mMovie Load (0.1ms)[0m  [1mSELECT "movies".* FROM "movies" WHERE "movies"."director" = ?[0m  [["director", "Da"]]
  Rendered movies/similar.html.haml within layouts/application (3.0ms)
Completed 200 OK in 14ms (Views: 13.4ms | ActiveRecord: 0.2ms)


Started GET "/" for ::1 at 2019-02-26 00:21:48 -0600
Processing by MoviesController#index as HTML
  [1m[36mMovie Load (0.8ms)[0m  [1mSELECT "movies".* FROM "movies" WHERE "movies"."rating" IN ('G', 'PG', 'PG-13', 'NC-17', 'R')[0m
  Rendered movies/index.html.haml within layouts/application (18.5ms)
Completed 200 OK in 221ms (Views: 194.4ms | ActiveRecord: 2.3ms)


Started GET "/movies/1" for ::1 at 2019-02-26 00:21:50 -0600
Processing by MoviesController#show as HTML
  Parameters: {"id"=>"1"}
  [1m[35mMovie Load (0.1ms)[0m  SELECT  "movies".* FROM "movies" WHERE "movies"."id" = ? LIMIT 1  [["id", 1]]
  Rendered movies/show.html.haml within layouts/application (3.0ms)
Completed 200 OK in 18ms (Views: 15.3ms | ActiveRecord: 0.1ms)


Started GET "/movies/1/similar" for ::1 at 2019-02-26 00:21:52 -0600
Processing by MoviesController#similar as HTML
  Parameters: {"id"=>"1"}
  [1m[36mMovie Load (0.1ms)[0m  [1mSELECT  "movies".* FROM "movies" WHERE "movies"."id" = ? LIMIT 1[0m  [["id", 1]]
  [1m[35mMovie Load (0.2ms)[0m  SELECT "movies".* FROM "movies" WHERE "movies"."director" = ?  [["director", "Da"]]
  Rendered movies/similar.html.haml within layouts/application (3.3ms)
Completed 200 OK in 15ms (Views: 14.2ms | ActiveRecord: 0.3ms)


Started GET "/movies" for ::1 at 2019-02-26 00:24:52 -0600
Processing by MoviesController#index as HTML
  [1m[36mMovie Load (0.8ms)[0m  [1mSELECT "movies".* FROM "movies" WHERE "movies"."rating" IN ('G', 'PG', 'PG-13', 'NC-17', 'R')[0m
  Rendered movies/index.html.haml within layouts/application (25.9ms)
Completed 200 OK in 234ms (Views: 203.3ms | ActiveRecord: 2.6ms)


Started GET "/movies/1" for ::1 at 2019-02-26 00:25:01 -0600
Processing by MoviesController#show as HTML
  Parameters: {"id"=>"1"}
  [1m[35mMovie Load (0.2ms)[0m  SELECT  "movies".* FROM "movies" WHERE "movies"."id" = ? LIMIT 1  [["id", 1]]
  Rendered movies/show.html.haml within layouts/application (2.7ms)
Completed 200 OK in 16ms (Views: 13.5ms | ActiveRecord: 0.2ms)


Started GET "/movies/1" for ::1 at 2019-02-26 00:25:04 -0600
Processing by MoviesController#show as HTML
  Parameters: {"id"=>"1"}
  [1m[36mMovie Load (0.1ms)[0m  [1mSELECT  "movies".* FROM "movies" WHERE "movies"."id" = ? LIMIT 1[0m  [["id", 1]]
  Rendered movies/show.html.haml within layouts/application (0.8ms)
Completed 200 OK in 12ms (Views: 11.2ms | ActiveRecord: 0.1ms)


Started GET "/movies" for ::1 at 2019-02-26 02:18:10 -0600
Processing by MoviesController#index as HTML
  [1m[36mMovie Load (0.8ms)[0m  [1mSELECT "movies".* FROM "movies" WHERE "movies"."rating" IN ('G', 'PG', 'PG-13', 'NC-17', 'R')[0m
  Rendered movies/index.html.haml within layouts/application (22.7ms)
Completed 200 OK in 244ms (Views: 207.1ms | ActiveRecord: 2.5ms)


Started GET "/movies?ratings%5BG%5D=G&ratings%5BNC-17%5D=NC-17&ratings%5BPG%5D=PG&ratings%5BPG-13%5D=PG-13&ratings%5BR%5D=R&sort=release_date" for ::1 at 2019-02-26 02:18:13 -0600
Processing by MoviesController#index as HTML
  Parameters: {"ratings"=>{"G"=>"G", "NC-17"=>"NC-17", "PG"=>"PG", "PG-13"=>"PG-13", "R"=>"R"}, "sort"=>"release_date"}
Redirected to http://localhost:3000/?ratings%5BG%5D=G&ratings%5BNC-17%5D=NC-17&ratings%5BPG%5D=PG&ratings%5BPG-13%5D=PG-13&ratings%5BR%5D=R&sort=release_date
Completed 302 Found in 1ms (ActiveRecord: 0.0ms)


Started GET "/?ratings%5BG%5D=G&ratings%5BNC-17%5D=NC-17&ratings%5BPG%5D=PG&ratings%5BPG-13%5D=PG-13&ratings%5BR%5D=R&sort=release_date" for ::1 at 2019-02-26 02:18:13 -0600
Processing by MoviesController#index as HTML
  Parameters: {"ratings"=>{"G"=>"G", "NC-17"=>"NC-17", "PG"=>"PG", "PG-13"=>"PG-13", "R"=>"R"}, "sort"=>"release_date"}
  [1m[35mMovie Load (0.3ms)[0m  SELECT "movies".* FROM "movies" WHERE "movies"."rating" IN ('G', 'NC-17', 'PG', 'PG-13', 'R')  ORDER BY "movies"."release_date" ASC
  Rendered movies/index.html.haml within layouts/application (2.9ms)
Completed 200 OK in 16ms (Views: 15.2ms | ActiveRecord: 0.3ms)


Started GET "/movies?ratings%5BG%5D=G&ratings%5BNC-17%5D=NC-17&ratings%5BPG%5D=PG&ratings%5BPG-13%5D=PG-13&ratings%5BR%5D=R&sort=title" for ::1 at 2019-02-26 02:18:15 -0600
Processing by MoviesController#index as HTML
  Parameters: {"ratings"=>{"G"=>"G", "NC-17"=>"NC-17", "PG"=>"PG", "PG-13"=>"PG-13", "R"=>"R"}, "sort"=>"title"}
Redirected to http://localhost:3000/?ratings%5BG%5D=G&ratings%5BNC-17%5D=NC-17&ratings%5BPG%5D=PG&ratings%5BPG-13%5D=PG-13&ratings%5BR%5D=R&sort=title
Completed 302 Found in 1ms (ActiveRecord: 0.0ms)


Started GET "/?ratings%5BG%5D=G&ratings%5BNC-17%5D=NC-17&ratings%5BPG%5D=PG&ratings%5BPG-13%5D=PG-13&ratings%5BR%5D=R&sort=title" for ::1 at 2019-02-26 02:18:15 -0600
Processing by MoviesController#index as HTML
  Parameters: {"ratings"=>{"G"=>"G", "NC-17"=>"NC-17", "PG"=>"PG", "PG-13"=>"PG-13", "R"=>"R"}, "sort"=>"title"}
  [1m[36mMovie Load (0.3ms)[0m  [1mSELECT "movies".* FROM "movies" WHERE "movies"."rating" IN ('G', 'NC-17', 'PG', 'PG-13', 'R')  ORDER BY "movies"."title" ASC[0m
  Rendered movies/index.html.haml within layouts/application (2.9ms)
Completed 200 OK in 14ms (Views: 13.6ms | ActiveRecord: 0.3ms)


Started GET "/movies/1" for ::1 at 2019-02-26 02:18:17 -0600
Processing by MoviesController#show as HTML
  Parameters: {"id"=>"1"}
  [1m[35mMovie Load (0.1ms)[0m  SELECT  "movies".* FROM "movies" WHERE "movies"."id" = ? LIMIT 1  [["id", 1]]
  Rendered movies/show.html.haml within layouts/application (3.2ms)
Completed 200 OK in 18ms (Views: 15.5ms | ActiveRecord: 0.1ms)


Started GET "/movies/1/similar" for ::1 at 2019-02-26 02:18:20 -0600
Processing by MoviesController#similar as HTML
  Parameters: {"id"=>"1"}
  [1m[36mMovie Load (0.1ms)[0m  [1mSELECT  "movies".* FROM "movies" WHERE "movies"."id" = ? LIMIT 1[0m  [["id", 1]]
  [1m[35mMovie Load (0.1ms)[0m  SELECT "movies".* FROM "movies" WHERE "movies"."director" = ?  [["director", "Da"]]
  Rendered movies/similar.html.haml within layouts/application (3.1ms)
Completed 200 OK in 14ms (Views: 13.5ms | ActiveRecord: 0.2ms)


Started GET "/movies/2" for ::1 at 2019-02-26 02:18:21 -0600
Processing by MoviesController#show as HTML
  Parameters: {"id"=>"2"}
  [1m[36mMovie Load (0.1ms)[0m  [1mSELECT  "movies".* FROM "movies" WHERE "movies"."id" = ? LIMIT 1[0m  [["id", 2]]
  Rendered movies/show.html.haml within layouts/application (0.8ms)
Completed 200 OK in 11ms (Views: 11.0ms | ActiveRecord: 0.1ms)


Started GET "/movies" for ::1 at 2019-02-26 02:18:23 -0600
Processing by MoviesController#index as HTML
Redirected to http://localhost:3000/?ratings%5BG%5D=G&ratings%5BNC-17%5D=NC-17&ratings%5BPG%5D=PG&ratings%5BPG-13%5D=PG-13&ratings%5BR%5D=R&sort=title
Completed 302 Found in 1ms (ActiveRecord: 0.0ms)


Started GET "/?ratings%5BG%5D=G&ratings%5BNC-17%5D=NC-17&ratings%5BPG%5D=PG&ratings%5BPG-13%5D=PG-13&ratings%5BR%5D=R&sort=title" for ::1 at 2019-02-26 02:18:23 -0600
Processing by MoviesController#index as HTML
  Parameters: {"ratings"=>{"G"=>"G", "NC-17"=>"NC-17", "PG"=>"PG", "PG-13"=>"PG-13", "R"=>"R"}, "sort"=>"title"}
  [1m[35mMovie Load (0.3ms)[0m  SELECT "movies".* FROM "movies" WHERE "movies"."rating" IN ('G', 'NC-17', 'PG', 'PG-13', 'R')  ORDER BY "movies"."title" ASC
  Rendered movies/index.html.haml within layouts/application (3.1ms)
Completed 200 OK in 15ms (Views: 13.8ms | ActiveRecord: 0.3ms)


Started GET "/movies?utf8=%E2%9C%93&title_sort=true&ratings%5BG%5D=1&ratings%5BPG%5D=1&ratings%5BPG-13%5D=1&commit=Refresh" for ::1 at 2019-02-26 02:18:30 -0600
Processing by MoviesController#index as HTML
  Parameters: {"utf8"=>"✓", "title_sort"=>"true", "ratings"=>{"G"=>"1", "PG"=>"1", "PG-13"=>"1"}, "commit"=>"Refresh"}
Redirected to http://localhost:3000/?ratings%5BG%5D=1&ratings%5BPG%5D=1&ratings%5BPG-13%5D=1&sort=title
Completed 302 Found in 1ms (ActiveRecord: 0.0ms)


Started GET "/?ratings%5BG%5D=1&ratings%5BPG%5D=1&ratings%5BPG-13%5D=1&sort=title" for ::1 at 2019-02-26 02:18:30 -0600
Processing by MoviesController#index as HTML
  Parameters: {"ratings"=>{"G"=>"1", "PG"=>"1", "PG-13"=>"1"}, "sort"=>"title"}
  [1m[36mMovie Load (0.3ms)[0m  [1mSELECT "movies".* FROM "movies" WHERE "movies"."rating" IN ('G', 'PG', 'PG-13')  ORDER BY "movies"."title" ASC[0m
  Rendered movies/index.html.haml within layouts/application (2.6ms)
Completed 200 OK in 15ms (Views: 14.2ms | ActiveRecord: 0.3ms)


Started GET "/movies/1" for ::1 at 2019-02-26 02:18:36 -0600
Processing by MoviesController#show as HTML
  Parameters: {"id"=>"1"}
  [1m[35mMovie Load (0.1ms)[0m  SELECT  "movies".* FROM "movies" WHERE "movies"."id" = ? LIMIT 1  [["id", 1]]
  Rendered movies/show.html.haml within layouts/application (0.8ms)
Completed 200 OK in 12ms (Views: 11.7ms | ActiveRecord: 0.1ms)


Started GET "/movies/1/similar" for ::1 at 2019-02-26 02:18:39 -0600
Processing by MoviesController#similar as HTML
  Parameters: {"id"=>"1"}
  [1m[36mMovie Load (0.1ms)[0m  [1mSELECT  "movies".* FROM "movies" WHERE "movies"."id" = ? LIMIT 1[0m  [["id", 1]]
  [1m[35mMovie Load (0.1ms)[0m  SELECT "movies".* FROM "movies" WHERE "movies"."director" = ?  [["director", "Da"]]
  Rendered movies/similar.html.haml within layouts/application (1.0ms)
Completed 200 OK in 14ms (Views: 12.8ms | ActiveRecord: 0.2ms)


Started GET "/movies/2" for ::1 at 2019-02-26 02:18:44 -0600
Processing by MoviesController#show as HTML
  Parameters: {"id"=>"2"}
  [1m[36mMovie Load (0.1ms)[0m  [1mSELECT  "movies".* FROM "movies" WHERE "movies"."id" = ? LIMIT 1[0m  [["id", 2]]
  Rendered movies/show.html.haml within layouts/application (0.9ms)
Completed 200 OK in 12ms (Views: 11.9ms | ActiveRecord: 0.1ms)


Started GET "/movies" for ::1 at 2019-02-26 02:18:48 -0600
Processing by MoviesController#index as HTML
Redirected to http://localhost:3000/?ratings%5BG%5D=1&ratings%5BPG%5D=1&ratings%5BPG-13%5D=1&sort=title
Completed 302 Found in 1ms (ActiveRecord: 0.0ms)


Started GET "/?ratings%5BG%5D=1&ratings%5BPG%5D=1&ratings%5BPG-13%5D=1&sort=title" for ::1 at 2019-02-26 02:18:48 -0600
Processing by MoviesController#index as HTML
  Parameters: {"ratings"=>{"G"=>"1", "PG"=>"1", "PG-13"=>"1"}, "sort"=>"title"}
  [1m[35mMovie Load (0.3ms)[0m  SELECT "movies".* FROM "movies" WHERE "movies"."rating" IN ('G', 'PG', 'PG-13')  ORDER BY "movies"."title" ASC
  Rendered movies/index.html.haml within layouts/application (2.6ms)
Completed 200 OK in 15ms (Views: 14.1ms | ActiveRecord: 0.3ms)


Started GET "/movies/2" for ::1 at 2019-02-26 02:18:51 -0600
Processing by MoviesController#show as HTML
  Parameters: {"id"=>"2"}
  [1m[36mMovie Load (0.1ms)[0m  [1mSELECT  "movies".* FROM "movies" WHERE "movies"."id" = ? LIMIT 1[0m  [["id", 2]]
  Rendered movies/show.html.haml within layouts/application (0.9ms)
Completed 200 OK in 12ms (Views: 11.6ms | ActiveRecord: 0.1ms)


Started GET "/movies/2/similar" for ::1 at 2019-02-26 02:18:53 -0600
Processing by MoviesController#similar as HTML
  Parameters: {"id"=>"2"}
  [1m[35mMovie Load (0.1ms)[0m  SELECT  "movies".* FROM "movies" WHERE "movies"."id" = ? LIMIT 1  [["id", 2]]
  [1m[36mMovie Load (0.1ms)[0m  [1mSELECT "movies".* FROM "movies" WHERE "movies"."director" = ?[0m  [["director", "Da"]]
  Rendered movies/similar.html.haml within layouts/application (1.1ms)
Completed 200 OK in 14ms (Views: 12.8ms | ActiveRecord: 0.2ms)


Started GET "/movies/2/similar" for ::1 at 2019-02-26 02:19:36 -0600
Processing by MoviesController#similar as HTML
  Parameters: {"id"=>"2"}
  [1m[36mMovie Load (0.5ms)[0m  [1mSELECT  "movies".* FROM "movies" WHERE "movies"."id" = ? LIMIT 1[0m  [["id", 2]]
  [1m[35mMovie Load (0.2ms)[0m  SELECT "movies".* FROM "movies" WHERE "movies"."director" = ?  [["director", "Da"]]
  Rendered movies/similar.html.haml within layouts/application (14.5ms)
Completed 200 OK in 244ms (Views: 205.1ms | ActiveRecord: 2.5ms)


Started GET "/movies" for ::1 at 2019-02-26 02:19:38 -0600
Processing by MoviesController#index as HTML
Redirected to http://localhost:3000/?ratings%5BG%5D=1&ratings%5BPG%5D=1&ratings%5BPG-13%5D=1&sort=title
Completed 302 Found in 1ms (ActiveRecord: 0.0ms)


Started GET "/?ratings%5BG%5D=1&ratings%5BPG%5D=1&ratings%5BPG-13%5D=1&sort=title" for ::1 at 2019-02-26 02:19:38 -0600
Processing by MoviesController#index as HTML
  Parameters: {"ratings"=>{"G"=>"1", "PG"=>"1", "PG-13"=>"1"}, "sort"=>"title"}
  [1m[36mMovie Load (0.5ms)[0m  [1mSELECT "movies".* FROM "movies" WHERE "movies"."rating" IN ('G', 'PG', 'PG-13')  ORDER BY "movies"."title" ASC[0m
  Rendered movies/index.html.haml within layouts/application (6.5ms)
Completed 200 OK in 19ms (Views: 18.1ms | ActiveRecord: 0.5ms)


Started GET "/movies/3" for ::1 at 2019-02-26 02:19:41 -0600
Processing by MoviesController#show as HTML
  Parameters: {"id"=>"3"}
  [1m[35mMovie Load (0.1ms)[0m  SELECT  "movies".* FROM "movies" WHERE "movies"."id" = ? LIMIT 1  [["id", 3]]
  Rendered movies/show.html.haml within layouts/application (3.0ms)
Completed 200 OK in 15ms (Views: 14.0ms | ActiveRecord: 0.1ms)


Started GET "/movies/3/similar" for ::1 at 2019-02-26 02:19:47 -0600
Processing by MoviesController#similar as HTML
  Parameters: {"id"=>"3"}
  [1m[36mMovie Load (0.1ms)[0m  [1mSELECT  "movies".* FROM "movies" WHERE "movies"."id" = ? LIMIT 1[0m  [["id", 3]]
Redirected to http://localhost:3000/movies
Completed 302 Found in 1ms (ActiveRecord: 0.1ms)


Started GET "/movies" for ::1 at 2019-02-26 02:19:47 -0600
Processing by MoviesController#index as HTML
Redirected to http://localhost:3000/?ratings%5BG%5D=1&ratings%5BPG%5D=1&ratings%5BPG-13%5D=1&sort=title
Completed 302 Found in 1ms (ActiveRecord: 0.0ms)


Started GET "/?ratings%5BG%5D=1&ratings%5BPG%5D=1&ratings%5BPG-13%5D=1&sort=title" for ::1 at 2019-02-26 02:19:47 -0600
Processing by MoviesController#index as HTML
  Parameters: {"ratings"=>{"G"=>"1", "PG"=>"1", "PG-13"=>"1"}, "sort"=>"title"}
  [1m[35mMovie Load (0.3ms)[0m  SELECT "movies".* FROM "movies" WHERE "movies"."rating" IN ('G', 'PG', 'PG-13')  ORDER BY "movies"."title" ASC
  Rendered movies/index.html.haml within layouts/application (3.1ms)
Completed 200 OK in 16ms (Views: 14.7ms | ActiveRecord: 0.3ms)


Started GET "/movies/3" for ::1 at 2019-02-26 02:19:49 -0600
Processing by MoviesController#show as HTML
  Parameters: {"id"=>"3"}
  [1m[36mMovie Load (0.1ms)[0m  [1mSELECT  "movies".* FROM "movies" WHERE "movies"."id" = ? LIMIT 1[0m  [["id", 3]]
  Rendered movies/show.html.haml within layouts/application (0.8ms)
Completed 200 OK in 12ms (Views: 11.0ms | ActiveRecord: 0.1ms)


Started GET "/movies/3/edit" for ::1 at 2019-02-26 02:19:52 -0600
Processing by MoviesController#edit as HTML
  Parameters: {"id"=>"3"}
  [1m[35mMovie Load (0.1ms)[0m  SELECT  "movies".* FROM "movies" WHERE "movies"."id" = ? LIMIT 1  [["id", 3]]
  Rendered movies/edit.html.haml within layouts/application (15.6ms)
Completed 200 OK in 28ms (Views: 27.7ms | ActiveRecord: 0.1ms)


Started PUT "/movies/3" for ::1 at 2019-02-26 02:20:00 -0600
Processing by MoviesController#update as HTML
  Parameters: {"utf8"=>"✓", "authenticity_token"=>"1oeWFEm9QGjhFJ1lcz4EUe2rZYuV4q5LDUw9r0V7LKlSrRuHOYhGXfdcDMMyZaJ85hr1I5kuzFR/i8tIggL/9A==", "movie"=>{"title"=>"Aladdin", "rating"=>"G", "director"=>"DB", "release_date(1i)"=>"1992", "release_date(2i)"=>"11", "release_date(3i)"=>"25"}, "commit"=>"Update Movie Info", "id"=>"3"}
  [1m[36mMovie Load (0.1ms)[0m  [1mSELECT  "movies".* FROM "movies" WHERE "movies"."id" = ? LIMIT 1[0m  [["id", 3]]
  [1m[35m (0.0ms)[0m  begin transaction
  [1m[36mSQL (1.1ms)[0m  [1mUPDATE "movies" SET "director" = ?, "updated_at" = ? WHERE "movies"."id" = ?[0m  [["director", "DB"], ["updated_at", "2019-02-26 08:20:00.017944"], ["id", 3]]
  [1m[35m (0.8ms)[0m  commit transaction
Redirected to http://localhost:3000/movies/3
Completed 302 Found in 5ms (ActiveRecord: 2.1ms)


Started GET "/movies/3" for ::1 at 2019-02-26 02:20:00 -0600
Processing by MoviesController#show as HTML
  Parameters: {"id"=>"3"}
  [1m[36mMovie Load (0.1ms)[0m  [1mSELECT  "movies".* FROM "movies" WHERE "movies"."id" = ? LIMIT 1[0m  [["id", 3]]
  Rendered movies/show.html.haml within layouts/application (1.5ms)
Completed 200 OK in 18ms (Views: 17.3ms | ActiveRecord: 0.1ms)


Started GET "/movies" for ::1 at 2019-02-26 02:20:01 -0600
Processing by MoviesController#index as HTML
Redirected to http://localhost:3000/?ratings%5BG%5D=1&ratings%5BPG%5D=1&ratings%5BPG-13%5D=1&sort=title
Completed 302 Found in 1ms (ActiveRecord: 0.0ms)


Started GET "/?ratings%5BG%5D=1&ratings%5BPG%5D=1&ratings%5BPG-13%5D=1&sort=title" for ::1 at 2019-02-26 02:20:01 -0600
Processing by MoviesController#index as HTML
  Parameters: {"ratings"=>{"G"=>"1", "PG"=>"1", "PG-13"=>"1"}, "sort"=>"title"}
  [1m[35mMovie Load (0.3ms)[0m  SELECT "movies".* FROM "movies" WHERE "movies"."rating" IN ('G', 'PG', 'PG-13')  ORDER BY "movies"."title" ASC
  Rendered movies/index.html.haml within layouts/application (2.5ms)
Completed 200 OK in 14ms (Views: 13.7ms | ActiveRecord: 0.3ms)


Started GET "/movies/7" for ::1 at 2019-02-26 02:20:03 -0600
Processing by MoviesController#show as HTML
  Parameters: {"id"=>"7"}
  [1m[36mMovie Load (0.1ms)[0m  [1mSELECT  "movies".* FROM "movies" WHERE "movies"."id" = ? LIMIT 1[0m  [["id", 7]]
  Rendered movies/show.html.haml within layouts/application (0.9ms)
Completed 200 OK in 12ms (Views: 11.6ms | ActiveRecord: 0.1ms)


Started GET "/movies/7/edit" for ::1 at 2019-02-26 02:20:05 -0600
Processing by MoviesController#edit as HTML
  Parameters: {"id"=>"7"}
  [1m[35mMovie Load (0.1ms)[0m  SELECT  "movies".* FROM "movies" WHERE "movies"."id" = ? LIMIT 1  [["id", 7]]
  Rendered movies/edit.html.haml within layouts/application (2.4ms)
Completed 200 OK in 14ms (Views: 13.1ms | ActiveRecord: 0.1ms)


Started PUT "/movies/7" for ::1 at 2019-02-26 02:20:09 -0600
Processing by MoviesController#update as HTML
  Parameters: {"utf8"=>"✓", "authenticity_token"=>"LLoFQtRcVWlIxh8RaIVlvPox/riFTNks40qjUfeZ8DOokIjRpGlTXF6Ojrcp3sOR8YBuEImAuzORjVW2MOAjbg==", "movie"=>{"title"=>"Chocolat", "rating"=>"PG-13", "director"=>"DB", "release_date(1i)"=>"2001", "release_date(2i)"=>"1", "release_date(3i)"=>"5"}, "commit"=>"Update Movie Info", "id"=>"7"}
  [1m[36mMovie Load (0.1ms)[0m  [1mSELECT  "movies".* FROM "movies" WHERE "movies"."id" = ? LIMIT 1[0m  [["id", 7]]
  [1m[35m (0.0ms)[0m  begin transaction
  [1m[36mSQL (0.3ms)[0m  [1mUPDATE "movies" SET "director" = ?, "updated_at" = ? WHERE "movies"."id" = ?[0m  [["director", "DB"], ["updated_at", "2019-02-26 08:20:09.758333"], ["id", 7]]
  [1m[35m (0.7ms)[0m  commit transaction
Redirected to http://localhost:3000/movies/7
Completed 302 Found in 4ms (ActiveRecord: 1.1ms)


Started GET "/movies/7" for ::1 at 2019-02-26 02:20:09 -0600
Processing by MoviesController#show as HTML
  Parameters: {"id"=>"7"}
  [1m[36mMovie Load (0.1ms)[0m  [1mSELECT  "movies".* FROM "movies" WHERE "movies"."id" = ? LIMIT 1[0m  [["id", 7]]
  Rendered movies/show.html.haml within layouts/application (1.5ms)
Completed 200 OK in 16ms (Views: 14.9ms | ActiveRecord: 0.1ms)


Started GET "/movies" for ::1 at 2019-02-26 02:20:11 -0600
Processing by MoviesController#index as HTML
Redirected to http://localhost:3000/?ratings%5BG%5D=1&ratings%5BPG%5D=1&ratings%5BPG-13%5D=1&sort=title
Completed 302 Found in 1ms (ActiveRecord: 0.0ms)


Started GET "/?ratings%5BG%5D=1&ratings%5BPG%5D=1&ratings%5BPG-13%5D=1&sort=title" for ::1 at 2019-02-26 02:20:11 -0600
Processing by MoviesController#index as HTML
  Parameters: {"ratings"=>{"G"=>"1", "PG"=>"1", "PG-13"=>"1"}, "sort"=>"title"}
  [1m[35mMovie Load (0.3ms)[0m  SELECT "movies".* FROM "movies" WHERE "movies"."rating" IN ('G', 'PG', 'PG-13')  ORDER BY "movies"."title" ASC
  Rendered movies/index.html.haml within layouts/application (2.5ms)
Completed 200 OK in 15ms (Views: 13.9ms | ActiveRecord: 0.3ms)


Started GET "/movies/7" for ::1 at 2019-02-26 02:20:14 -0600
Processing by MoviesController#show as HTML
  Parameters: {"id"=>"7"}
  [1m[36mMovie Load (0.1ms)[0m  [1mSELECT  "movies".* FROM "movies" WHERE "movies"."id" = ? LIMIT 1[0m  [["id", 7]]
  Rendered movies/show.html.haml within layouts/application (0.9ms)
Completed 200 OK in 13ms (Views: 12.7ms | ActiveRecord: 0.1ms)


Started GET "/movies/7/similar" for ::1 at 2019-02-26 02:20:15 -0600
Processing by MoviesController#similar as HTML
  Parameters: {"id"=>"7"}
  [1m[35mMovie Load (0.1ms)[0m  SELECT  "movies".* FROM "movies" WHERE "movies"."id" = ? LIMIT 1  [["id", 7]]
  [1m[36mMovie Load (0.1ms)[0m  [1mSELECT "movies".* FROM "movies" WHERE "movies"."director" = ?[0m  [["director", "DB"]]
  Rendered movies/similar.html.haml within layouts/application (1.1ms)
Completed 200 OK in 13ms (Views: 12.4ms | ActiveRecord: 0.2ms)


Started GET "/movies" for ::1 at 2019-02-26 02:20:18 -0600
Processing by MoviesController#index as HTML
Redirected to http://localhost:3000/?ratings%5BG%5D=1&ratings%5BPG%5D=1&ratings%5BPG-13%5D=1&sort=title
Completed 302 Found in 1ms (ActiveRecord: 0.0ms)


Started GET "/?ratings%5BG%5D=1&ratings%5BPG%5D=1&ratings%5BPG-13%5D=1&sort=title" for ::1 at 2019-02-26 02:20:18 -0600
Processing by MoviesController#index as HTML
  Parameters: {"ratings"=>{"G"=>"1", "PG"=>"1", "PG-13"=>"1"}, "sort"=>"title"}
  [1m[35mMovie Load (0.3ms)[0m  SELECT "movies".* FROM "movies" WHERE "movies"."rating" IN ('G', 'PG', 'PG-13')  ORDER BY "movies"."title" ASC
  Rendered movies/index.html.haml within layouts/application (2.6ms)
Completed 200 OK in 15ms (Views: 14.2ms | ActiveRecord: 0.3ms)
